0 info it worked if it ends with ok
1 verbose cli [ 'node', '/usr/local/bin/npm', 'install' ]
2 info using npm@1.4.28
3 info using node@v0.10.32
4 verbose readDependencies using package.json deps
5 verbose install where, deps [ '/Users/dbuurstede/Desktop/dmec-we-eindopdracht',
5 verbose install   [ 'body-parser', 'express', 'socket.io' ] ]
6 info preinstall AngularSocket@0.0.1
7 verbose readDependencies using package.json deps
8 verbose cache add [ 'express@^4.9.7', null ]
9 verbose cache add name=undefined spec="express@^4.9.7" args=["express@^4.9.7",null]
10 verbose parsed url { protocol: null,
10 verbose parsed url   slashes: null,
10 verbose parsed url   auth: null,
10 verbose parsed url   host: null,
10 verbose parsed url   port: null,
10 verbose parsed url   hostname: null,
10 verbose parsed url   hash: null,
10 verbose parsed url   search: null,
10 verbose parsed url   query: null,
10 verbose parsed url   pathname: 'express@^4.9.7',
10 verbose parsed url   path: 'express@^4.9.7',
10 verbose parsed url   href: 'express@^4.9.7' }
11 verbose cache add [ 'socket.io@^1.1.0', null ]
12 verbose cache add name=undefined spec="socket.io@^1.1.0" args=["socket.io@^1.1.0",null]
13 verbose parsed url { protocol: null,
13 verbose parsed url   slashes: null,
13 verbose parsed url   auth: null,
13 verbose parsed url   host: null,
13 verbose parsed url   port: null,
13 verbose parsed url   hostname: null,
13 verbose parsed url   hash: null,
13 verbose parsed url   search: null,
13 verbose parsed url   query: null,
13 verbose parsed url   pathname: 'socket.io@^1.1.0',
13 verbose parsed url   path: 'socket.io@^1.1.0',
13 verbose parsed url   href: 'socket.io@^1.1.0' }
14 verbose cache add [ 'body-parser@^1.9.0', null ]
15 verbose cache add name=undefined spec="body-parser@^1.9.0" args=["body-parser@^1.9.0",null]
16 verbose parsed url { protocol: null,
16 verbose parsed url   slashes: null,
16 verbose parsed url   auth: null,
16 verbose parsed url   host: null,
16 verbose parsed url   port: null,
16 verbose parsed url   hostname: null,
16 verbose parsed url   hash: null,
16 verbose parsed url   search: null,
16 verbose parsed url   query: null,
16 verbose parsed url   pathname: 'body-parser@^1.9.0',
16 verbose parsed url   path: 'body-parser@^1.9.0',
16 verbose parsed url   href: 'body-parser@^1.9.0' }
17 verbose cache add name="express" spec="^4.9.7" args=["express","^4.9.7"]
18 verbose parsed url { protocol: null,
18 verbose parsed url   slashes: null,
18 verbose parsed url   auth: null,
18 verbose parsed url   host: null,
18 verbose parsed url   port: null,
18 verbose parsed url   hostname: null,
18 verbose parsed url   hash: null,
18 verbose parsed url   search: null,
18 verbose parsed url   query: null,
18 verbose parsed url   pathname: '^4.9.7',
18 verbose parsed url   path: '^4.9.7',
18 verbose parsed url   href: '^4.9.7' }
19 verbose addNamed [ 'express', '^4.9.7' ]
20 verbose addNamed [ null, '>=4.9.7-0 <5.0.0-0' ]
21 verbose cache add name="socket.io" spec="^1.1.0" args=["socket.io","^1.1.0"]
22 verbose parsed url { protocol: null,
22 verbose parsed url   slashes: null,
22 verbose parsed url   auth: null,
22 verbose parsed url   host: null,
22 verbose parsed url   port: null,
22 verbose parsed url   hostname: null,
22 verbose parsed url   hash: null,
22 verbose parsed url   search: null,
22 verbose parsed url   query: null,
22 verbose parsed url   pathname: '^1.1.0',
22 verbose parsed url   path: '^1.1.0',
22 verbose parsed url   href: '^1.1.0' }
23 verbose addNamed [ 'socket.io', '^1.1.0' ]
24 verbose addNamed [ null, '>=1.1.0-0 <2.0.0-0' ]
25 verbose cache add name="body-parser" spec="^1.9.0" args=["body-parser","^1.9.0"]
26 verbose parsed url { protocol: null,
26 verbose parsed url   slashes: null,
26 verbose parsed url   auth: null,
26 verbose parsed url   host: null,
26 verbose parsed url   port: null,
26 verbose parsed url   hostname: null,
26 verbose parsed url   hash: null,
26 verbose parsed url   search: null,
26 verbose parsed url   query: null,
26 verbose parsed url   pathname: '^1.9.0',
26 verbose parsed url   path: '^1.9.0',
26 verbose parsed url   href: '^1.9.0' }
27 verbose addNamed [ 'body-parser', '^1.9.0' ]
28 verbose addNamed [ null, '>=1.9.0-0 <2.0.0-0' ]
29 silly lockFile f64e4da4-express-4-9-7 express@^4.9.7
30 verbose lock express@^4.9.7 /Users/dbuurstede/.npm/f64e4da4-express-4-9-7.lock
31 silly lockFile 3f384752-socket-io-1-1-0 socket.io@^1.1.0
32 verbose lock socket.io@^1.1.0 /Users/dbuurstede/.npm/3f384752-socket-io-1-1-0.lock
33 silly lockFile 517b7d19-body-parser-1-9-0 body-parser@^1.9.0
34 verbose lock body-parser@^1.9.0 /Users/dbuurstede/.npm/517b7d19-body-parser-1-9-0.lock
35 silly addNameRange { name: 'express', range: '>=4.9.7-0 <5.0.0-0', hasData: false }
36 silly addNameRange { name: 'body-parser',
36 silly addNameRange   range: '>=1.9.0-0 <2.0.0-0',
36 silly addNameRange   hasData: false }
37 silly addNameRange { name: 'socket.io',
37 silly addNameRange   range: '>=1.1.0-0 <2.0.0-0',
37 silly addNameRange   hasData: false }
38 verbose request where is /express
39 verbose request registry https://registry.npmjs.org/
40 verbose request id cd8f57105e8d8e4a
41 verbose url raw /express
42 verbose url resolving [ 'https://registry.npmjs.org/', './express' ]
43 verbose url resolved https://registry.npmjs.org/express
44 verbose request where is https://registry.npmjs.org/express
45 info trying registry request attempt 1 at 13:45:11
46 http GET https://registry.npmjs.org/express
47 verbose request where is /body-parser
48 verbose request registry https://registry.npmjs.org/
49 verbose url raw /body-parser
50 verbose url resolving [ 'https://registry.npmjs.org/', './body-parser' ]
51 verbose url resolved https://registry.npmjs.org/body-parser
52 verbose request where is https://registry.npmjs.org/body-parser
53 info trying registry request attempt 1 at 13:45:11
54 http GET https://registry.npmjs.org/body-parser
55 verbose request where is /socket.io
56 verbose request registry https://registry.npmjs.org/
57 verbose url raw /socket.io
58 verbose url resolving [ 'https://registry.npmjs.org/', './socket.io' ]
59 verbose url resolved https://registry.npmjs.org/socket.io
60 verbose request where is https://registry.npmjs.org/socket.io
61 info trying registry request attempt 1 at 13:45:11
62 verbose etag "EZMS0TKE7DSQI8GTHRH40G4YK"
63 http GET https://registry.npmjs.org/socket.io
64 http 200 https://registry.npmjs.org/body-parser
65 silly registry.get cb [ 200,
65 silly registry.get   { date: 'Fri, 07 Nov 2014 12:45:11 GMT',
65 silly registry.get     server: 'CouchDB/1.5.0 (Erlang OTP/R16B03)',
65 silly registry.get     etag: '"31NOWALYE5KS8CUXXM9FZZM0H"',
65 silly registry.get     'content-type': 'application/json',
65 silly registry.get     'cache-control': 'max-age=60',
65 silly registry.get     'content-length': '71579',
65 silly registry.get     'accept-ranges': 'bytes',
65 silly registry.get     via: '1.1 varnish',
65 silly registry.get     age: '49',
65 silly registry.get     'x-served-by': 'cache-ams4148-AMS',
65 silly registry.get     'x-cache': 'HIT',
65 silly registry.get     'x-cache-hits': '1',
65 silly registry.get     'x-timer': 'S1415364311.878589,VS0,VE0',
65 silly registry.get     vary: 'Accept',
65 silly registry.get     'keep-alive': 'timeout=10, max=50',
65 silly registry.get     connection: 'Keep-Alive' } ]
66 http 200 https://registry.npmjs.org/socket.io
67 silly registry.get cb [ 200,
67 silly registry.get   { date: 'Fri, 07 Nov 2014 12:45:11 GMT',
67 silly registry.get     server: 'CouchDB/1.5.0 (Erlang OTP/R16B03)',
67 silly registry.get     etag: '"94WHOLJJEZ8UGR32D0ILJCH58"',
67 silly registry.get     'content-type': 'application/json',
67 silly registry.get     'cache-control': 'max-age=60',
67 silly registry.get     'content-length': '101188',
67 silly registry.get     'accept-ranges': 'bytes',
67 silly registry.get     via: '1.1 varnish',
67 silly registry.get     age: '25',
67 silly registry.get     'x-served-by': 'cache-ams4147-AMS',
67 silly registry.get     'x-cache': 'HIT',
67 silly registry.get     'x-cache-hits': '1',
67 silly registry.get     'x-timer': 'S1415364311.883694,VS0,VE0',
67 silly registry.get     vary: 'Accept',
67 silly registry.get     'keep-alive': 'timeout=10, max=50',
67 silly registry.get     connection: 'Keep-Alive' } ]
68 silly addNameRange number 2 { name: 'body-parser',
68 silly addNameRange   range: '>=1.9.0-0 <2.0.0-0',
68 silly addNameRange   hasData: true }
69 silly addNameRange versions [ 'body-parser',
69 silly addNameRange   [ '1.0.0',
69 silly addNameRange     '1.0.1',
69 silly addNameRange     '1.0.2',
69 silly addNameRange     '1.1.0',
69 silly addNameRange     '1.1.1',
69 silly addNameRange     '1.1.2',
69 silly addNameRange     '1.2.0',
69 silly addNameRange     '1.2.1',
69 silly addNameRange     '1.2.2',
69 silly addNameRange     '1.3.0',
69 silly addNameRange     '1.3.1',
69 silly addNameRange     '1.4.0',
69 silly addNameRange     '1.4.1',
69 silly addNameRange     '1.4.2',
69 silly addNameRange     '1.4.3',
69 silly addNameRange     '1.5.0',
69 silly addNameRange     '1.5.1',
69 silly addNameRange     '1.5.2',
69 silly addNameRange     '1.6.0',
69 silly addNameRange     '1.6.1',
69 silly addNameRange     '1.6.2',
69 silly addNameRange     '1.6.3',
69 silly addNameRange     '1.6.4',
69 silly addNameRange     '1.6.5',
69 silly addNameRange     '1.6.6',
69 silly addNameRange     '1.6.7',
69 silly addNameRange     '1.7.0',
69 silly addNameRange     '1.8.0',
69 silly addNameRange     '1.8.1',
69 silly addNameRange     '1.8.2',
69 silly addNameRange     '1.8.3',
69 silly addNameRange     '1.8.4',
69 silly addNameRange     '1.9.0',
69 silly addNameRange     '1.9.1',
69 silly addNameRange     '1.9.2' ] ]
70 verbose addNamed [ 'body-parser', '1.9.2' ]
71 verbose addNamed [ '1.9.2', '1.9.2' ]
72 silly lockFile 4669738b-body-parser-1-9-2 body-parser@1.9.2
73 verbose lock body-parser@1.9.2 /Users/dbuurstede/.npm/4669738b-body-parser-1-9-2.lock
74 http 200 https://registry.npmjs.org/express
75 silly registry.get cb [ 200,
75 silly registry.get   { date: 'Fri, 07 Nov 2014 12:45:11 GMT',
75 silly registry.get     server: 'CouchDB/1.5.0 (Erlang OTP/R16B03)',
75 silly registry.get     etag: '"83H3CG151JZG85DS656IHITA"',
75 silly registry.get     'content-type': 'application/json',
75 silly registry.get     'cache-control': 'max-age=60',
75 silly registry.get     'content-length': '415648',
75 silly registry.get     'accept-ranges': 'bytes',
75 silly registry.get     via: '1.1 varnish',
75 silly registry.get     age: '56',
75 silly registry.get     'x-served-by': 'cache-ams4125-AMS',
75 silly registry.get     'x-cache': 'HIT',
75 silly registry.get     'x-cache-hits': '153',
75 silly registry.get     'x-timer': 'S1415364311.878102,VS0,VE0',
75 silly registry.get     vary: 'Accept',
75 silly registry.get     'keep-alive': 'timeout=10, max=50',
75 silly registry.get     connection: 'Keep-Alive' } ]
76 silly lockFile a9656366-ody-parser-body-parser-1-9-2-tgz https://registry.npmjs.org/body-parser/-/body-parser-1.9.2.tgz
77 verbose lock https://registry.npmjs.org/body-parser/-/body-parser-1.9.2.tgz /Users/dbuurstede/.npm/a9656366-ody-parser-body-parser-1-9-2-tgz.lock
78 silly addNameRange number 2 { name: 'socket.io', range: '>=1.1.0-0 <2.0.0-0', hasData: true }
79 silly addNameRange versions [ 'socket.io',
79 silly addNameRange   [ '0.3.8',
79 silly addNameRange     '0.4.0',
79 silly addNameRange     '0.4.1',
79 silly addNameRange     '0.5.1',
79 silly addNameRange     '0.5.3',
79 silly addNameRange     '0.6.0',
79 silly addNameRange     '0.6.1',
79 silly addNameRange     '0.6.3',
79 silly addNameRange     '0.6.4',
79 silly addNameRange     '0.6.5',
79 silly addNameRange     '0.6.6',
79 silly addNameRange     '0.6.7',
79 silly addNameRange     '0.6.8',
79 silly addNameRange     '0.6.9',
79 silly addNameRange     '0.6.10',
79 silly addNameRange     '0.6.11',
79 silly addNameRange     '0.6.12',
79 silly addNameRange     '0.6.14',
79 silly addNameRange     '0.6.15',
79 silly addNameRange     '0.6.16',
79 silly addNameRange     '0.6.17',
79 silly addNameRange     '0.6.18',
79 silly addNameRange     '0.7.0',
79 silly addNameRange     '0.7.1',
79 silly addNameRange     '0.7.2',
79 silly addNameRange     '0.7.3',
79 silly addNameRange     '0.7.4',
79 silly addNameRange     '0.7.5',
79 silly addNameRange     '0.7.6',
79 silly addNameRange     '0.7.7',
79 silly addNameRange     '0.7.8',
79 silly addNameRange     '0.7.9',
79 silly addNameRange     '0.7.10',
79 silly addNameRange     '0.7.11',
79 silly addNameRange     '0.8.0',
79 silly addNameRange     '0.8.1',
79 silly addNameRange     '0.8.2',
79 silly addNameRange     '0.8.3',
79 silly addNameRange     '0.8.4',
79 silly addNameRange     '0.8.5',
79 silly addNameRange     '0.8.6',
79 silly addNameRange     '0.8.7',
79 silly addNameRange     '0.9.0',
79 silly addNameRange     '0.9.1',
79 silly addNameRange     '0.9.1-1',
79 silly addNameRange     '0.9.2',
79 silly addNameRange     '0.9.3',
79 silly addNameRange     '0.9.4',
79 silly addNameRange     '0.9.5',
79 silly addNameRange     '0.9.6',
79 silly addNameRange     '0.9.7',
79 silly addNameRange     '0.9.8',
79 silly addNameRange     '0.9.9',
79 silly addNameRange     '0.9.10',
79 silly addNameRange     '0.9.11',
79 silly addNameRange     '0.9.12',
79 silly addNameRange     '0.9.13',
79 silly addNameRange     '0.9.14',
79 silly addNameRange     '0.9.15',
79 silly addNameRange     '0.9.16',
79 silly addNameRange     '1.0.0-pre',
79 silly addNameRange     '1.0.0-pre2',
79 silly addNameRange     '1.0.0-pre3',
79 silly addNameRange     '1.0.0-pre4',
79 silly addNameRange     '1.0.0-pre5',
79 silly addNameRange     '0.9.17',
79 silly addNameRange     '1.0.0',
79 silly addNameRange     '1.0.1',
79 silly addNameRange     '1.0.2',
79 silly addNameRange     '1.0.3',
79 silly addNameRange     '1.0.4',
79 silly addNameRange     '1.0.5',
79 silly addNameRange     '1.0.6',
79 silly addNameRange     '1.1.0',
79 silly addNameRange     '1.2.0' ] ]
80 verbose addNamed [ 'socket.io', '1.2.0' ]
81 verbose addNamed [ '1.2.0', '1.2.0' ]
82 silly lockFile 1b93a138-socket-io-1-2-0 socket.io@1.2.0
83 verbose lock socket.io@1.2.0 /Users/dbuurstede/.npm/1b93a138-socket-io-1-2-0.lock
84 verbose addRemoteTarball [ 'https://registry.npmjs.org/body-parser/-/body-parser-1.9.2.tgz',
84 verbose addRemoteTarball   '07f52cf104939118bedcba689002017271ef3c0e' ]
85 silly lockFile e37968a4-rg-socket-io-socket-io-1-2-0-tgz https://registry.npmjs.org/socket.io/-/socket.io-1.2.0.tgz
86 verbose lock https://registry.npmjs.org/socket.io/-/socket.io-1.2.0.tgz /Users/dbuurstede/.npm/e37968a4-rg-socket-io-socket-io-1-2-0-tgz.lock
87 silly addNameRange number 2 { name: 'express', range: '>=4.9.7-0 <5.0.0-0', hasData: true }
88 silly addNameRange versions [ 'express',
88 silly addNameRange   [ '0.14.0',
88 silly addNameRange     '0.14.1',
88 silly addNameRange     '1.0.0',
88 silly addNameRange     '1.0.1',
88 silly addNameRange     '1.0.2',
88 silly addNameRange     '1.0.3',
88 silly addNameRange     '1.0.4',
88 silly addNameRange     '1.0.5',
88 silly addNameRange     '1.0.6',
88 silly addNameRange     '1.0.7',
88 silly addNameRange     '1.0.8',
88 silly addNameRange     '2.0.0',
88 silly addNameRange     '2.1.0',
88 silly addNameRange     '2.1.1',
88 silly addNameRange     '2.2.0',
88 silly addNameRange     '2.2.1',
88 silly addNameRange     '2.2.2',
88 silly addNameRange     '2.3.0',
88 silly addNameRange     '2.3.1',
88 silly addNameRange     '2.3.2',
88 silly addNameRange     '2.3.3',
88 silly addNameRange     '2.3.4',
88 silly addNameRange     '2.3.5',
88 silly addNameRange     '2.3.6',
88 silly addNameRange     '2.3.7',
88 silly addNameRange     '2.3.8',
88 silly addNameRange     '2.3.9',
88 silly addNameRange     '2.3.10',
88 silly addNameRange     '2.3.11',
88 silly addNameRange     '2.3.12',
88 silly addNameRange     '2.4.0',
88 silly addNameRange     '2.4.1',
88 silly addNameRange     '2.4.2',
88 silly addNameRange     '2.4.3',
88 silly addNameRange     '2.4.4',
88 silly addNameRange     '2.4.5',
88 silly addNameRange     '2.4.6',
88 silly addNameRange     '2.4.7',
88 silly addNameRange     '2.5.0',
88 silly addNameRange     '2.5.1',
88 silly addNameRange     '2.5.2',
88 silly addNameRange     '2.5.3',
88 silly addNameRange     '2.5.4',
88 silly addNameRange     '2.5.5',
88 silly addNameRange     '2.5.6',
88 silly addNameRange     '2.5.7',
88 silly addNameRange     '2.5.8',
88 silly addNameRange     '2.5.9',
88 silly addNameRange     '2.5.10',
88 silly addNameRange     '2.5.11',
88 silly addNameRange     '3.0.0',
88 silly addNameRange     '3.0.1',
88 silly addNameRange     '3.0.2',
88 silly addNameRange     '3.0.3',
88 silly addNameRange     '3.0.4',
88 silly addNameRange     '3.0.5',
88 silly addNameRange     '3.0.6',
88 silly addNameRange     '3.1.0',
88 silly addNameRange     '3.1.1',
88 silly addNameRange     '3.1.2',
88 silly addNameRange     '3.2.0',
88 silly addNameRange     '3.2.1',
88 silly addNameRange     '3.2.2',
88 silly addNameRange     '3.2.3',
88 silly addNameRange     '3.2.4',
88 silly addNameRange     '3.2.5',
88 silly addNameRange     '3.2.6',
88 silly addNameRange     '3.3.0',
88 silly addNameRange     '3.3.1',
88 silly addNameRange     '3.3.2',
88 silly addNameRange     '3.3.3',
88 silly addNameRange     '3.3.4',
88 silly addNameRange     '3.3.5',
88 silly addNameRange     '3.3.6',
88 silly addNameRange     '1.0.0-beta',
88 silly addNameRange     '1.0.0-beta2',
88 silly addNameRange     '1.0.0-rc',
88 silly addNameRange     '1.0.0-rc2',
88 silly addNameRange     '1.0.0-rc3',
88 silly addNameRange     '1.0.0-rc4',
88 silly addNameRange     '2.0.0-beta',
88 silly addNameRange     '2.0.0-beta2',
88 silly addNameRange     '2.0.0-beta3',
88 silly addNameRange     '2.0.0-rc',
88 silly addNameRange     '2.0.0-rc2',
88 silly addNameRange     '2.0.0-rc3',
88 silly addNameRange     '3.0.0-alpha1',
88 silly addNameRange     '3.0.0-alpha2',
88 silly addNameRange     '3.0.0-alpha3',
88 silly addNameRange     '3.0.0-alpha4',
88 silly addNameRange     '3.0.0-alpha5',
88 silly addNameRange     '3.0.0-beta1',
88 silly addNameRange     '3.0.0-beta2',
88 silly addNameRange     '3.0.0-beta3',
88 silly addNameRange     '3.0.0-beta4',
88 silly addNameRange     '3.0.0-beta6',
88 silly addNameRange     '3.0.0-beta7',
88 silly addNameRange     '3.0.0-rc1',
88 silly addNameRange     '3.0.0-rc2',
88 silly addNameRange     '3.0.0-rc3',
88 silly addNameRange     '3.0.0-rc4',
88 silly addNameRange     '3.0.0-rc5',
88 silly addNameRange     '3.3.7',
88 silly addNameRange     '3.3.8',
88 silly addNameRange     '3.4.0',
88 silly addNameRange     '3.4.1',
88 silly addNameRange     '3.4.2',
88 silly addNameRange     '3.4.3',
88 silly addNameRange     '3.4.4',
88 silly addNameRange     '3.4.5',
88 silly addNameRange     '3.4.6',
88 silly addNameRange     '3.4.7',
88 silly addNameRange     '3.4.8',
88 silly addNameRange     '4.0.0-rc1',
88 silly addNameRange     '4.0.0-rc2',
88 silly addNameRange     '3.5.0',
88 silly addNameRange     '4.0.0-rc3',
88 silly addNameRange     '4.0.0-rc4',
88 silly addNameRange     '3.5.1',
88 silly addNameRange     '4.0.0',
88 silly addNameRange     '3.5.2',
88 silly addNameRange     '4.1.0',
88 silly addNameRange     '4.1.1',
88 silly addNameRange     '3.5.3',
88 silly addNameRange     '4.1.2',
88 silly addNameRange     '3.6.0',
88 silly addNameRange     '4.2.0',
88 silly addNameRange     '3.7.0',
88 silly addNameRange     '3.8.0',
88 silly addNameRange     '4.3.0',
88 silly addNameRange     '4.3.1',
88 silly addNameRange     '3.8.1',
88 silly addNameRange     '4.3.2',
88 silly addNameRange     '3.9.0',
88 silly addNameRange     '4.4.0',
88 silly addNameRange     '4.4.1',
88 silly addNameRange     '3.10.0',
88 silly addNameRange     '3.10.1',
88 silly addNameRange     '3.10.2',
88 silly addNameRange     '3.10.3',
88 silly addNameRange     '3.10.4',
88 silly addNameRange     '4.4.2',
88 silly addNameRange     '3.10.5',
88 silly addNameRange     '4.4.3',
88 silly addNameRange     '3.11.0',
88 silly addNameRange     '4.4.4',
88 silly addNameRange     '3.12.0',
88 silly addNameRange     '3.12.1',
88 silly addNameRange     '4.4.5',
88 silly addNameRange     '3.13.0',
88 silly addNameRange     '4.5.0',
88 silly addNameRange     '4.5.1',
88 silly addNameRange     '3.14.0',
88 silly addNameRange     '4.6.0',
88 silly addNameRange     '4.6.1',
88 silly addNameRange     '3.15.0',
88 silly addNameRange     '4.7.0',
88 silly addNameRange     '3.15.1',
88 silly addNameRange     '4.7.1',
88 silly addNameRange     '3.15.2',
88 silly addNameRange     '4.7.2',
88 silly addNameRange     '4.7.3',
88 silly addNameRange     '3.15.3',
88 silly addNameRange     '4.7.4',
88 silly addNameRange     '3.16.0',
88 silly addNameRange     '4.8.0',
88 silly addNameRange     '3.16.1',
88 silly addNameRange     '4.8.1',
88 silly addNameRange     '3.16.2',
88 silly addNameRange     '4.8.2',
88 silly addNameRange     '3.16.3',
88 silly addNameRange     '3.16.4',
88 silly addNameRange     '4.8.3',
88 silly addNameRange     '3.16.5',
88 silly addNameRange     '3.16.6',
88 silly addNameRange     '4.8.4',
88 silly addNameRange     '3.16.7',
88 silly addNameRange     '4.8.5',
88 silly addNameRange     '3.16.8',
88 silly addNameRange     '4.8.6',
88 silly addNameRange     '3.16.9',
88 silly addNameRange     '4.8.7',
88 silly addNameRange     '3.16.10',
88 silly addNameRange     '4.8.8',
88 silly addNameRange     '3.17.0',
88 silly addNameRange     '3.17.1',
88 silly addNameRange     '4.9.0',
88 silly addNameRange     '3.17.2',
88 silly addNameRange     '4.9.1',
88 silly addNameRange     '4.9.2',
88 silly addNameRange     '3.17.3',
88 silly addNameRange     '4.9.3',
88 silly addNameRange     '3.17.4',
88 silly addNameRange     '4.9.4',
88 silly addNameRange     '3.17.5',
88 silly addNameRange     '4.9.5',
88 silly addNameRange     '3.17.6',
88 silly addNameRange     '3.17.7',
88 silly addNameRange     '4.9.6',
88 silly addNameRange     '4.9.7',
88 silly addNameRange     '3.17.8',
88 silly addNameRange     '4.9.8',
88 silly addNameRange     '3.18.0',
88 silly addNameRange     '3.18.1',
88 silly addNameRange     '4.10.0',
88 silly addNameRange     '3.18.2',
88 silly addNameRange     '4.10.1',
88 silly addNameRange     '5.0.0-alpha.1' ] ]
89 verbose addNamed [ 'express', '4.10.1' ]
90 verbose addNamed [ '4.10.1', '4.10.1' ]
91 silly lockFile 513c21c6-express-4-10-1 express@4.10.1
92 verbose lock express@4.10.1 /Users/dbuurstede/.npm/513c21c6-express-4-10-1.lock
93 verbose addRemoteTarball [ 'https://registry.npmjs.org/socket.io/-/socket.io-1.2.0.tgz',
93 verbose addRemoteTarball   '02f00ffc24626294f46924d4c25ce35a9b940789' ]
94 info retry fetch attempt 1 at 13:45:12
95 verbose fetch to= /var/folders/2v/jlvj66md5c35q33n5wjdwq0c0000gn/T/npm-946-LZXoYxkZ/registry.npmjs.org/body-parser/-/body-parser-1.9.2.tgz
96 silly lockFile 3d8e7af4-s-org-express-express-4-10-1-tgz https://registry.npmjs.org/express/-/express-4.10.1.tgz
97 verbose lock https://registry.npmjs.org/express/-/express-4.10.1.tgz /Users/dbuurstede/.npm/3d8e7af4-s-org-express-express-4-10-1-tgz.lock
98 info retry fetch attempt 1 at 13:45:12
99 verbose fetch to= /var/folders/2v/jlvj66md5c35q33n5wjdwq0c0000gn/T/npm-946-LZXoYxkZ/registry.npmjs.org/socket.io/-/socket.io-1.2.0.tgz
100 http GET https://registry.npmjs.org/body-parser/-/body-parser-1.9.2.tgz
101 verbose addRemoteTarball [ 'https://registry.npmjs.org/express/-/express-4.10.1.tgz',
101 verbose addRemoteTarball   'a291c812bc8b0ed6ab877366fe0e68a2368fde7e' ]
102 http GET https://registry.npmjs.org/socket.io/-/socket.io-1.2.0.tgz
103 info retry fetch attempt 1 at 13:45:12
104 verbose fetch to= /var/folders/2v/jlvj66md5c35q33n5wjdwq0c0000gn/T/npm-946-LZXoYxkZ/registry.npmjs.org/express/-/express-4.10.1.tgz
105 http GET https://registry.npmjs.org/express/-/express-4.10.1.tgz
106 http 200 https://registry.npmjs.org/socket.io/-/socket.io-1.2.0.tgz
107 http 200 https://registry.npmjs.org/body-parser/-/body-parser-1.9.2.tgz
108 http 200 https://registry.npmjs.org/express/-/express-4.10.1.tgz
109 silly lockFile e37968a4-rg-socket-io-socket-io-1-2-0-tgz https://registry.npmjs.org/socket.io/-/socket.io-1.2.0.tgz
110 silly lockFile e37968a4-rg-socket-io-socket-io-1-2-0-tgz https://registry.npmjs.org/socket.io/-/socket.io-1.2.0.tgz
111 silly lockFile 1b93a138-socket-io-1-2-0 socket.io@1.2.0
112 silly lockFile 1b93a138-socket-io-1-2-0 socket.io@1.2.0
113 silly lockFile 3f384752-socket-io-1-1-0 socket.io@^1.1.0
114 silly lockFile 3f384752-socket-io-1-1-0 socket.io@^1.1.0
115 silly lockFile a9656366-ody-parser-body-parser-1-9-2-tgz https://registry.npmjs.org/body-parser/-/body-parser-1.9.2.tgz
116 silly lockFile a9656366-ody-parser-body-parser-1-9-2-tgz https://registry.npmjs.org/body-parser/-/body-parser-1.9.2.tgz
117 silly lockFile 4669738b-body-parser-1-9-2 body-parser@1.9.2
118 silly lockFile 4669738b-body-parser-1-9-2 body-parser@1.9.2
119 silly lockFile 517b7d19-body-parser-1-9-0 body-parser@^1.9.0
120 silly lockFile 517b7d19-body-parser-1-9-0 body-parser@^1.9.0
121 silly lockFile 3d8e7af4-s-org-express-express-4-10-1-tgz https://registry.npmjs.org/express/-/express-4.10.1.tgz
122 silly lockFile 3d8e7af4-s-org-express-express-4-10-1-tgz https://registry.npmjs.org/express/-/express-4.10.1.tgz
123 silly lockFile 513c21c6-express-4-10-1 express@4.10.1
124 silly lockFile 513c21c6-express-4-10-1 express@4.10.1
125 silly lockFile f64e4da4-express-4-9-7 express@^4.9.7
126 silly lockFile f64e4da4-express-4-9-7 express@^4.9.7
127 error Error: EACCES, mkdir '/Users/dbuurstede/.npm/socket.io/1.2.0'
127 error  { [Error: EACCES, mkdir '/Users/dbuurstede/.npm/socket.io/1.2.0']
127 error   errno: 3,
127 error   code: 'EACCES',
127 error   path: '/Users/dbuurstede/.npm/socket.io/1.2.0',
127 error   parent: 'AngularSocket' }
128 error Please try running this command again as root/Administrator.
129 error System Darwin 14.0.0
130 error command "node" "/usr/local/bin/npm" "install"
131 error cwd /Users/dbuurstede/Desktop/dmec-we-eindopdracht
132 error node -v v0.10.32
133 error npm -v 1.4.28
134 error path /Users/dbuurstede/.npm/socket.io/1.2.0
135 error code EACCES
136 error errno 3
137 error stack Error: EACCES, mkdir '/Users/dbuurstede/.npm/socket.io/1.2.0'
138 verbose exit [ 3, true ]
